<?xml version="1.0" encoding="UTF-8"?>
<testsuite xmlns:xsi="http://www.w3.org/2001/XMLSchema-instance" xsi:noNamespaceSchemaLocation="https://maven.apache.org/surefire/maven-surefire-plugin/xsd/surefire-test-report.xsd" name="com.openclassrooms.tourguide.TestPerformance" time="38.687" tests="2" errors="0" skipped="1" failures="0">
  <properties/>
  <testcase name="highVolumeTrackLocation" classname="com.openclassrooms.tourguide.TestPerformance" time="38.666"/>
  <testcase name="highVolumeGetRewards" classname="com.openclassrooms.tourguide.TestPerformance" time="0">
    <skipped message="public void com.openclassrooms.tourguide.TestPerformance.highVolumeGetRewards() is @Disabled"/>
  </testcase>
</testsuite>