<?xml version="1.0" encoding="UTF-8"?>
<testsuite xmlns:xsi="http://www.w3.org/2001/XMLSchema-instance" xsi:noNamespaceSchemaLocation="https://maven.apache.org/surefire/maven-surefire-plugin/xsd/surefire-test-report.xsd" name="com.openclassrooms.tourguide.TestPerformance" time="366.343" tests="6" errors="0" skipped="0" failures="0">
  <properties/>
  <testcase name="testCalculateRewardsConsistency" classname="com.openclassrooms.tourguide.TestPerformance" time="44.982"/>
  <testcase name="testTrackUserLocationConsistency" classname="com.openclassrooms.tourguide.TestPerformance" time="8.158"/>
  <testcase name="highVolumeTrackLocationAsync" classname="com.openclassrooms.tourguide.TestPerformance" time="199.802"/>
  <testcase name="highVolumeGetRewardsAsync" classname="com.openclassrooms.tourguide.TestPerformance" time="57.944"/>
  <testcase name="highVolumeTrackLocation" classname="com.openclassrooms.tourguide.TestPerformance" time="7.669"/>
  <testcase name="highVolumeGetRewards" classname="com.openclassrooms.tourguide.TestPerformance" time="47.694"/>
</testsuite>