<?xml version="1.0" encoding="UTF-8"?>
<testsuite xmlns:xsi="http://www.w3.org/2001/XMLSchema-instance" xsi:noNamespaceSchemaLocation="https://maven.apache.org/surefire/maven-surefire-plugin/xsd/surefire-test-report.xsd" name="com.openclassrooms.tourguide.TestTourGuideService" time="3.07" tests="5" errors="0" skipped="0" failures="0">
  <properties/>
  <testcase name="getUserLocation" classname="com.openclassrooms.tourguide.TestTourGuideService" time="0.096"/>
  <testcase name="addUser" classname="com.openclassrooms.tourguide.TestTourGuideService" time="0.003"/>
  <testcase name="getAllUsers" classname="com.openclassrooms.tourguide.TestTourGuideService" time="0.002"/>
  <testcase name="trackUser" classname="com.openclassrooms.tourguide.TestTourGuideService" time="0.103"/>
  <testcase name="getNearbyAttractions" classname="com.openclassrooms.tourguide.TestTourGuideService" time="2.864"/>
</testsuite>