<?xml version="1.0" encoding="UTF-8"?>
<testsuite xmlns:xsi="http://www.w3.org/2001/XMLSchema-instance" xsi:noNamespaceSchemaLocation="https://maven.apache.org/surefire/maven-surefire-plugin/xsd/surefire-test-report.xsd" name="com.openclassrooms.tourguide.TestPerformance" time="511.655" tests="5" errors="0" skipped="0" failures="1">
  <properties/>
  <testcase name="testCalculateRewardsConsistency" classname="com.openclassrooms.tourguide.TestPerformance" time="48.842">
    <failure message="expected: &lt;true&gt; but was: &lt;false&gt;" type="org.opentest4j.AssertionFailedError"><![CDATA[org.opentest4j.AssertionFailedError: expected: <true> but was: <false>
	at com.openclassrooms.tourguide.TestPerformance.testCalculateRewardsConsistency(TestPerformance.java:225)
]]></failure>
    <system-out><![CDATA[14:14:09.067 [main] INFO com.openclassrooms.tourguide.service.TourGuideService -- TestMode enabled
14:14:56.825 [pool-1-thread-74] INFO com.openclassrooms.tourguide.service.RewardsService -- Number of rewards calculated asynchronously: 1
14:14:56.830 [pool-1-thread-84] INFO com.openclassrooms.tourguide.service.RewardsService -- Number of rewards calculated asynchronously: 2
14:14:56.834 [pool-1-thread-94] INFO com.openclassrooms.tourguide.service.RewardsService -- Number of rewards calculated asynchronously: 3
14:14:56.838 [pool-1-thread-77] INFO com.openclassrooms.tourguide.service.RewardsService -- Number of rewards calculated asynchronously: 4
14:14:56.858 [pool-1-thread-25] INFO com.openclassrooms.tourguide.service.RewardsService -- Number of rewards calculated asynchronously: 5
14:14:56.869 [pool-1-thread-64] INFO com.openclassrooms.tourguide.service.RewardsService -- Number of rewards calculated asynchronously: 6
14:14:56.875 [pool-1-thread-10] INFO com.openclassrooms.tourguide.service.RewardsService -- Number of rewards calculated asynchronously: 7
14:14:56.879 [pool-1-thread-88] INFO com.openclassrooms.tourguide.service.RewardsService -- Number of rewards calculated asynchronously: 8
14:14:56.903 [pool-1-thread-68] INFO com.openclassrooms.tourguide.service.RewardsService -- Number of rewards calculated asynchronously: 9
14:14:56.918 [pool-1-thread-28] INFO com.openclassrooms.tourguide.service.RewardsService -- Number of rewards calculated asynchronously: 10
14:14:56.921 [pool-1-thread-63] INFO com.openclassrooms.tourguide.service.RewardsService -- Number of rewards calculated asynchronously: 11
14:14:56.934 [pool-1-thread-40] INFO com.openclassrooms.tourguide.service.RewardsService -- Number of rewards calculated asynchronously: 12
14:14:56.944 [pool-1-thread-80] INFO com.openclassrooms.tourguide.service.RewardsService -- Number of rewards calculated asynchronously: 13
14:14:56.954 [pool-1-thread-1] INFO com.openclassrooms.tourguide.service.RewardsService -- Number of rewards calculated asynchronously: 14
14:14:56.971 [pool-1-thread-12] INFO com.openclassrooms.tourguide.service.RewardsService -- Number of rewards calculated asynchronously: 15
14:14:56.975 [pool-1-thread-5] INFO com.openclassrooms.tourguide.service.RewardsService -- Number of rewards calculated asynchronously: 16
14:14:56.981 [pool-1-thread-14] INFO com.openclassrooms.tourguide.service.RewardsService -- Number of rewards calculated asynchronously: 17
14:14:56.985 [pool-1-thread-51] INFO com.openclassrooms.tourguide.service.RewardsService -- Number of rewards calculated asynchronously: 18
14:14:56.986 [pool-1-thread-62] INFO com.openclassrooms.tourguide.service.RewardsService -- Number of rewards calculated asynchronously: 19
14:14:57.020 [pool-1-thread-31] INFO com.openclassrooms.tourguide.service.RewardsService -- Number of rewards calculated asynchronously: 20
14:14:57.028 [pool-1-thread-48] INFO com.openclassrooms.tourguide.service.RewardsService -- Number of rewards calculated asynchronously: 21
14:14:57.032 [pool-1-thread-79] INFO com.openclassrooms.tourguide.service.RewardsService -- Number of rewards calculated asynchronously: 22
14:14:57.043 [pool-1-thread-17] INFO com.openclassrooms.tourguide.service.RewardsService -- Number of rewards calculated asynchronously: 23
14:14:57.044 [pool-1-thread-16] INFO com.openclassrooms.tourguide.service.RewardsService -- Number of rewards calculated asynchronously: 24
14:14:57.054 [pool-1-thread-34] INFO com.openclassrooms.tourguide.service.RewardsService -- Number of rewards calculated asynchronously: 25
14:14:57.066 [pool-1-thread-58] INFO com.openclassrooms.tourguide.service.RewardsService -- Number of rewards calculated asynchronously: 26
14:14:57.070 [pool-1-thread-59] INFO com.openclassrooms.tourguide.service.RewardsService -- Number of rewards calculated asynchronously: 27
14:14:57.089 [pool-1-thread-83] INFO com.openclassrooms.tourguide.service.RewardsService -- Number of rewards calculated asynchronously: 28
14:14:57.117 [pool-1-thread-93] INFO com.openclassrooms.tourguide.service.RewardsService -- Number of rewards calculated asynchronously: 30
14:14:57.117 [pool-1-thread-45] INFO com.openclassrooms.tourguide.service.RewardsService -- Number of rewards calculated asynchronously: 29
14:14:57.117 [pool-1-thread-29] INFO com.openclassrooms.tourguide.service.RewardsService -- Number of rewards calculated asynchronously: 31
14:14:57.119 [pool-1-thread-15] INFO com.openclassrooms.tourguide.service.RewardsService -- Number of rewards calculated asynchronously: 32
14:14:57.130 [pool-1-thread-37] INFO com.openclassrooms.tourguide.service.RewardsService -- Number of rewards calculated asynchronously: 33
14:14:57.136 [pool-1-thread-39] INFO com.openclassrooms.tourguide.service.RewardsService -- Number of rewards calculated asynchronously: 34
14:14:57.140 [pool-1-thread-90] INFO com.openclassrooms.tourguide.service.RewardsService -- Number of rewards calculated asynchronously: 35
14:14:57.148 [pool-1-thread-36] INFO com.openclassrooms.tourguide.service.RewardsService -- Number of rewards calculated asynchronously: 36
14:14:57.168 [pool-1-thread-60] INFO com.openclassrooms.tourguide.service.RewardsService -- Number of rewards calculated asynchronously: 37
14:14:57.177 [pool-1-thread-18] INFO com.openclassrooms.tourguide.service.RewardsService -- Number of rewards calculated asynchronously: 38
14:14:57.179 [pool-1-thread-44] INFO com.openclassrooms.tourguide.service.RewardsService -- Number of rewards calculated asynchronously: 39
14:14:57.202 [pool-1-thread-50] INFO com.openclassrooms.tourguide.service.RewardsService -- Number of rewards calculated asynchronously: 40
14:14:57.210 [pool-1-thread-97] INFO com.openclassrooms.tourguide.service.RewardsService -- Number of rewards calculated asynchronously: 41
14:14:57.229 [pool-1-thread-99] INFO com.openclassrooms.tourguide.service.RewardsService -- Number of rewards calculated asynchronously: 42
14:14:57.231 [pool-1-thread-46] INFO com.openclassrooms.tourguide.service.RewardsService -- Number of rewards calculated asynchronously: 43
14:14:57.251 [pool-1-thread-6] INFO com.openclassrooms.tourguide.service.RewardsService -- Number of rewards calculated asynchronously: 44
14:14:57.260 [pool-1-thread-95] INFO com.openclassrooms.tourguide.service.RewardsService -- Number of rewards calculated asynchronously: 45
14:14:57.263 [pool-1-thread-27] INFO com.openclassrooms.tourguide.service.RewardsService -- Number of rewards calculated asynchronously: 46
14:14:57.266 [pool-1-thread-41] INFO com.openclassrooms.tourguide.service.RewardsService -- Number of rewards calculated asynchronously: 47
14:14:57.267 [pool-1-thread-23] INFO com.openclassrooms.tourguide.service.RewardsService -- Number of rewards calculated asynchronously: 48
14:14:57.275 [pool-1-thread-32] INFO com.openclassrooms.tourguide.service.RewardsService -- Number of rewards calculated asynchronously: 49
14:14:57.279 [pool-1-thread-7] INFO com.openclassrooms.tourguide.service.RewardsService -- Number of rewards calculated asynchronously: 50
14:14:57.287 [pool-1-thread-24] INFO com.openclassrooms.tourguide.service.RewardsService -- Number of rewards calculated asynchronously: 51
14:14:57.290 [pool-1-thread-22] INFO com.openclassrooms.tourguide.service.RewardsService -- Number of rewards calculated asynchronously: 52
14:14:57.298 [pool-1-thread-66] INFO com.openclassrooms.tourguide.service.RewardsService -- Number of rewards calculated asynchronously: 53
14:14:57.328 [pool-1-thread-100] INFO com.openclassrooms.tourguide.service.RewardsService -- Number of rewards calculated asynchronously: 54
14:14:57.338 [pool-1-thread-8] INFO com.openclassrooms.tourguide.service.RewardsService -- Number of rewards calculated asynchronously: 55
14:14:57.360 [pool-1-thread-70] INFO com.openclassrooms.tourguide.service.RewardsService -- Number of rewards calculated asynchronously: 56
14:14:57.377 [pool-1-thread-55] INFO com.openclassrooms.tourguide.service.RewardsService -- Number of rewards calculated asynchronously: 57
14:14:57.424 [pool-1-thread-69] INFO com.openclassrooms.tourguide.service.RewardsService -- Number of rewards calculated asynchronously: 58
14:14:57.428 [pool-1-thread-2] INFO com.openclassrooms.tourguide.service.RewardsService -- Number of rewards calculated asynchronously: 59
14:14:57.437 [pool-1-thread-47] INFO com.openclassrooms.tourguide.service.RewardsService -- Number of rewards calculated asynchronously: 60
14:14:57.460 [pool-1-thread-67] INFO com.openclassrooms.tourguide.service.RewardsService -- Number of rewards calculated asynchronously: 61
14:14:57.469 [pool-1-thread-96] INFO com.openclassrooms.tourguide.service.RewardsService -- Number of rewards calculated asynchronously: 62
14:14:57.499 [pool-1-thread-49] INFO com.openclassrooms.tourguide.service.RewardsService -- Number of rewards calculated asynchronously: 63
14:14:57.515 [pool-1-thread-56] INFO com.openclassrooms.tourguide.service.RewardsService -- Number of rewards calculated asynchronously: 64
14:14:57.549 [pool-1-thread-92] INFO com.openclassrooms.tourguide.service.RewardsService -- Number of rewards calculated asynchronously: 65
14:14:57.551 [pool-1-thread-75] INFO com.openclassrooms.tourguide.service.RewardsService -- Number of rewards calculated asynchronously: 66
14:14:57.557 [pool-1-thread-20] INFO com.openclassrooms.tourguide.service.RewardsService -- Number of rewards calculated asynchronously: 67
14:14:57.560 [pool-1-thread-53] INFO com.openclassrooms.tourguide.service.RewardsService -- Number of rewards calculated asynchronously: 68
14:14:57.567 [pool-1-thread-43] INFO com.openclassrooms.tourguide.service.RewardsService -- Number of rewards calculated asynchronously: 69
14:14:57.569 [pool-1-thread-4] INFO com.openclassrooms.tourguide.service.RewardsService -- Number of rewards calculated asynchronously: 70
14:14:57.573 [pool-1-thread-71] INFO com.openclassrooms.tourguide.service.RewardsService -- Number of rewards calculated asynchronously: 71
14:14:57.578 [pool-1-thread-11] INFO com.openclassrooms.tourguide.service.RewardsService -- Number of rewards calculated asynchronously: 72
14:14:57.599 [pool-1-thread-86] INFO com.openclassrooms.tourguide.service.RewardsService -- Number of rewards calculated asynchronously: 73
14:14:57.603 [pool-1-thread-72] INFO com.openclassrooms.tourguide.service.RewardsService -- Number of rewards calculated asynchronously: 74
14:14:57.616 [pool-1-thread-13] INFO com.openclassrooms.tourguide.service.RewardsService -- Number of rewards calculated asynchronously: 75
14:14:57.618 [pool-1-thread-33] INFO com.openclassrooms.tourguide.service.RewardsService -- Number of rewards calculated asynchronously: 76
14:14:57.620 [pool-1-thread-26] INFO com.openclassrooms.tourguide.service.RewardsService -- Number of rewards calculated asynchronously: 77
14:14:57.633 [pool-1-thread-21] INFO com.openclassrooms.tourguide.service.RewardsService -- Number of rewards calculated asynchronously: 78
14:14:57.638 [pool-1-thread-78] INFO com.openclassrooms.tourguide.service.RewardsService -- Number of rewards calculated asynchronously: 79
14:14:57.640 [pool-1-thread-9] INFO com.openclassrooms.tourguide.service.RewardsService -- Number of rewards calculated asynchronously: 80
14:14:57.645 [pool-1-thread-89] INFO com.openclassrooms.tourguide.service.RewardsService -- Number of rewards calculated asynchronously: 81
14:14:57.650 [pool-1-thread-57] INFO com.openclassrooms.tourguide.service.RewardsService -- Number of rewards calculated asynchronously: 82
14:14:57.659 [pool-1-thread-19] INFO com.openclassrooms.tourguide.service.RewardsService -- Number of rewards calculated asynchronously: 83
14:14:57.665 [pool-1-thread-65] INFO com.openclassrooms.tourguide.service.RewardsService -- Number of rewards calculated asynchronously: 84
14:14:57.669 [pool-1-thread-38] INFO com.openclassrooms.tourguide.service.RewardsService -- Number of rewards calculated asynchronously: 85
14:14:57.684 [pool-1-thread-52] INFO com.openclassrooms.tourguide.service.RewardsService -- Number of rewards calculated asynchronously: 86
14:14:57.692 [pool-1-thread-61] INFO com.openclassrooms.tourguide.service.RewardsService -- Number of rewards calculated asynchronously: 87
14:14:57.698 [pool-1-thread-81] INFO com.openclassrooms.tourguide.service.RewardsService -- Number of rewards calculated asynchronously: 88
14:14:57.699 [pool-1-thread-3] INFO com.openclassrooms.tourguide.service.RewardsService -- Number of rewards calculated asynchronously: 89
14:14:57.700 [pool-1-thread-91] INFO com.openclassrooms.tourguide.service.RewardsService -- Number of rewards calculated asynchronously: 90
14:14:57.734 [pool-1-thread-85] INFO com.openclassrooms.tourguide.service.RewardsService -- Number of rewards calculated asynchronously: 91
14:14:57.738 [pool-1-thread-82] INFO com.openclassrooms.tourguide.service.RewardsService -- Number of rewards calculated asynchronously: 92
14:14:57.741 [pool-1-thread-87] INFO com.openclassrooms.tourguide.service.RewardsService -- Number of rewards calculated asynchronously: 93
14:14:57.750 [pool-1-thread-54] INFO com.openclassrooms.tourguide.service.RewardsService -- Number of rewards calculated asynchronously: 94
14:14:57.759 [pool-1-thread-76] INFO com.openclassrooms.tourguide.service.RewardsService -- Number of rewards calculated asynchronously: 95
14:14:57.764 [pool-1-thread-30] INFO com.openclassrooms.tourguide.service.RewardsService -- Number of rewards calculated asynchronously: 96
14:14:57.779 [pool-1-thread-35] INFO com.openclassrooms.tourguide.service.RewardsService -- Number of rewards calculated asynchronously: 97
14:14:57.785 [pool-1-thread-73] INFO com.openclassrooms.tourguide.service.RewardsService -- Number of rewards calculated asynchronously: 98
14:14:57.801 [pool-1-thread-98] INFO com.openclassrooms.tourguide.service.RewardsService -- Number of rewards calculated asynchronously: 99
14:14:57.807 [pool-1-thread-42] INFO com.openclassrooms.tourguide.service.RewardsService -- Number of rewards calculated asynchronously: 100
]]></system-out>
  </testcase>
  <testcase name="highVolumeTrackLocationAsync" classname="com.openclassrooms.tourguide.TestPerformance" time="209.262"/>
  <testcase name="highVolumeGetRewardsAsync" classname="com.openclassrooms.tourguide.TestPerformance" time="130.653"/>
  <testcase name="highVolumeTrackLocation" classname="com.openclassrooms.tourguide.TestPerformance" time="75.385"/>
  <testcase name="highVolumeGetRewards" classname="com.openclassrooms.tourguide.TestPerformance" time="47.488"/>
</testsuite>